D:\工作\DEV2ND\MATERIALS\BX-5XX\OTHERS\DYNAMIC\DEMO\VC\VC_DEMO\DEBUG\VC_DEMO.EXE
D:\工作\DEV2ND\MATERIALS\BX-5XX\OTHERS\DYNAMIC\DEMO\VC\VC_DEMO\DEBUG\VC_DEMO.ILK
D:\工作\DEV2ND\MATERIALS\BX-5XX\OTHERS\DYNAMIC\DEMO\VC\VC_DEMO\DEBUG\VC_DEMO.PDB
D:\工作\dev2nd\materials\BX-5XX\Others\Dynamic\Demo\VC\VC_Demo\VC_Demo\Debug\cl.command.1.tlog
D:\工作\dev2nd\materials\BX-5XX\Others\Dynamic\Demo\VC\VC_Demo\VC_Demo\Debug\CL.read.1.tlog
D:\工作\dev2nd\materials\BX-5XX\Others\Dynamic\Demo\VC\VC_Demo\VC_Demo\Debug\CL.write.1.tlog
D:\工作\dev2nd\materials\BX-5XX\Others\Dynamic\Demo\VC\VC_Demo\VC_Demo\Debug\link.1392.read.1.tlog
D:\工作\dev2nd\materials\BX-5XX\Others\Dynamic\Demo\VC\VC_Demo\VC_Demo\Debug\link.1392.write.1.tlog
D:\工作\dev2nd\materials\BX-5XX\Others\Dynamic\Demo\VC\VC_Demo\VC_Demo\Debug\link.1392-cvtres.read.1.tlog
D:\工作\dev2nd\materials\BX-5XX\Others\Dynamic\Demo\VC\VC_Demo\VC_Demo\Debug\link.1392-cvtres.write.1.tlog
D:\工作\dev2nd\materials\BX-5XX\Others\Dynamic\Demo\VC\VC_Demo\VC_Demo\Debug\link.144.read.1.tlog
D:\工作\dev2nd\materials\BX-5XX\Others\Dynamic\Demo\VC\VC_Demo\VC_Demo\Debug\link.144.write.1.tlog
D:\工作\dev2nd\materials\BX-5XX\Others\Dynamic\Demo\VC\VC_Demo\VC_Demo\Debug\link.144-cvtres.read.1.tlog
D:\工作\dev2nd\materials\BX-5XX\Others\Dynamic\Demo\VC\VC_Demo\VC_Demo\Debug\link.144-cvtres.write.1.tlog
D:\工作\dev2nd\materials\BX-5XX\Others\Dynamic\Demo\VC\VC_Demo\VC_Demo\Debug\link.1516.read.1.tlog
D:\工作\dev2nd\materials\BX-5XX\Others\Dynamic\Demo\VC\VC_Demo\VC_Demo\Debug\link.1516.write.1.tlog
D:\工作\dev2nd\materials\BX-5XX\Others\Dynamic\Demo\VC\VC_Demo\VC_Demo\Debug\link.1516-cvtres.read.1.tlog
D:\工作\dev2nd\materials\BX-5XX\Others\Dynamic\Demo\VC\VC_Demo\VC_Demo\Debug\link.1516-cvtres.write.1.tlog
D:\工作\dev2nd\materials\BX-5XX\Others\Dynamic\Demo\VC\VC_Demo\VC_Demo\Debug\link.18480.read.1.tlog
D:\工作\dev2nd\materials\BX-5XX\Others\Dynamic\Demo\VC\VC_Demo\VC_Demo\Debug\link.18480.write.1.tlog
D:\工作\dev2nd\materials\BX-5XX\Others\Dynamic\Demo\VC\VC_Demo\VC_Demo\Debug\link.18480-cvtres.read.1.tlog
D:\工作\dev2nd\materials\BX-5XX\Others\Dynamic\Demo\VC\VC_Demo\VC_Demo\Debug\link.18480-cvtres.write.1.tlog
D:\工作\dev2nd\materials\BX-5XX\Others\Dynamic\Demo\VC\VC_Demo\VC_Demo\Debug\link.1892.read.1.tlog
D:\工作\dev2nd\materials\BX-5XX\Others\Dynamic\Demo\VC\VC_Demo\VC_Demo\Debug\link.1892.write.1.tlog
D:\工作\dev2nd\materials\BX-5XX\Others\Dynamic\Demo\VC\VC_Demo\VC_Demo\Debug\link.1892-cvtres.read.1.tlog
D:\工作\dev2nd\materials\BX-5XX\Others\Dynamic\Demo\VC\VC_Demo\VC_Demo\Debug\link.1892-cvtres.write.1.tlog
D:\工作\dev2nd\materials\BX-5XX\Others\Dynamic\Demo\VC\VC_Demo\VC_Demo\Debug\link.21936.read.1.tlog
D:\工作\dev2nd\materials\BX-5XX\Others\Dynamic\Demo\VC\VC_Demo\VC_Demo\Debug\link.21936.write.1.tlog
D:\工作\dev2nd\materials\BX-5XX\Others\Dynamic\Demo\VC\VC_Demo\VC_Demo\Debug\link.21936-cvtres.read.1.tlog
D:\工作\dev2nd\materials\BX-5XX\Others\Dynamic\Demo\VC\VC_Demo\VC_Demo\Debug\link.21936-cvtres.write.1.tlog
D:\工作\dev2nd\materials\BX-5XX\Others\Dynamic\Demo\VC\VC_Demo\VC_Demo\Debug\link.2412.read.1.tlog
D:\工作\dev2nd\materials\BX-5XX\Others\Dynamic\Demo\VC\VC_Demo\VC_Demo\Debug\link.2412.write.1.tlog
D:\工作\dev2nd\materials\BX-5XX\Others\Dynamic\Demo\VC\VC_Demo\VC_Demo\Debug\link.2412-cvtres.read.1.tlog
D:\工作\dev2nd\materials\BX-5XX\Others\Dynamic\Demo\VC\VC_Demo\VC_Demo\Debug\link.2412-cvtres.write.1.tlog
D:\工作\dev2nd\materials\BX-5XX\Others\Dynamic\Demo\VC\VC_Demo\VC_Demo\Debug\link.3144.read.1.tlog
D:\工作\dev2nd\materials\BX-5XX\Others\Dynamic\Demo\VC\VC_Demo\VC_Demo\Debug\link.3144.write.1.tlog
D:\工作\dev2nd\materials\BX-5XX\Others\Dynamic\Demo\VC\VC_Demo\VC_Demo\Debug\link.3144-cvtres.read.1.tlog
D:\工作\dev2nd\materials\BX-5XX\Others\Dynamic\Demo\VC\VC_Demo\VC_Demo\Debug\link.3144-cvtres.write.1.tlog
D:\工作\dev2nd\materials\BX-5XX\Others\Dynamic\Demo\VC\VC_Demo\VC_Demo\Debug\link.396.read.1.tlog
D:\工作\dev2nd\materials\BX-5XX\Others\Dynamic\Demo\VC\VC_Demo\VC_Demo\Debug\link.396.write.1.tlog
D:\工作\dev2nd\materials\BX-5XX\Others\Dynamic\Demo\VC\VC_Demo\VC_Demo\Debug\link.396-cvtres.read.1.tlog
D:\工作\dev2nd\materials\BX-5XX\Others\Dynamic\Demo\VC\VC_Demo\VC_Demo\Debug\link.396-cvtres.write.1.tlog
D:\工作\dev2nd\materials\BX-5XX\Others\Dynamic\Demo\VC\VC_Demo\VC_Demo\Debug\link.4144.read.1.tlog
D:\工作\dev2nd\materials\BX-5XX\Others\Dynamic\Demo\VC\VC_Demo\VC_Demo\Debug\link.4144.write.1.tlog
D:\工作\dev2nd\materials\BX-5XX\Others\Dynamic\Demo\VC\VC_Demo\VC_Demo\Debug\link.4144-cvtres.read.1.tlog
D:\工作\dev2nd\materials\BX-5XX\Others\Dynamic\Demo\VC\VC_Demo\VC_Demo\Debug\link.4144-cvtres.write.1.tlog
D:\工作\dev2nd\materials\BX-5XX\Others\Dynamic\Demo\VC\VC_Demo\VC_Demo\Debug\link.4260.read.1.tlog
D:\工作\dev2nd\materials\BX-5XX\Others\Dynamic\Demo\VC\VC_Demo\VC_Demo\Debug\link.4260.write.1.tlog
D:\工作\dev2nd\materials\BX-5XX\Others\Dynamic\Demo\VC\VC_Demo\VC_Demo\Debug\link.4260-cvtres.read.1.tlog
D:\工作\dev2nd\materials\BX-5XX\Others\Dynamic\Demo\VC\VC_Demo\VC_Demo\Debug\link.4260-cvtres.write.1.tlog
D:\工作\dev2nd\materials\BX-5XX\Others\Dynamic\Demo\VC\VC_Demo\VC_Demo\Debug\link.4360.read.1.tlog
D:\工作\dev2nd\materials\BX-5XX\Others\Dynamic\Demo\VC\VC_Demo\VC_Demo\Debug\link.4360.write.1.tlog
D:\工作\dev2nd\materials\BX-5XX\Others\Dynamic\Demo\VC\VC_Demo\VC_Demo\Debug\link.4360-cvtres.read.1.tlog
D:\工作\dev2nd\materials\BX-5XX\Others\Dynamic\Demo\VC\VC_Demo\VC_Demo\Debug\link.4360-cvtres.write.1.tlog
D:\工作\dev2nd\materials\BX-5XX\Others\Dynamic\Demo\VC\VC_Demo\VC_Demo\Debug\link.4968.read.1.tlog
D:\工作\dev2nd\materials\BX-5XX\Others\Dynamic\Demo\VC\VC_Demo\VC_Demo\Debug\link.4968.write.1.tlog
D:\工作\dev2nd\materials\BX-5XX\Others\Dynamic\Demo\VC\VC_Demo\VC_Demo\Debug\link.4968-cvtres.read.1.tlog
D:\工作\dev2nd\materials\BX-5XX\Others\Dynamic\Demo\VC\VC_Demo\VC_Demo\Debug\link.4968-cvtres.write.1.tlog
D:\工作\dev2nd\materials\BX-5XX\Others\Dynamic\Demo\VC\VC_Demo\VC_Demo\Debug\link.5132.read.1.tlog
D:\工作\dev2nd\materials\BX-5XX\Others\Dynamic\Demo\VC\VC_Demo\VC_Demo\Debug\link.5132.write.1.tlog
D:\工作\dev2nd\materials\BX-5XX\Others\Dynamic\Demo\VC\VC_Demo\VC_Demo\Debug\link.5132-cvtres.read.1.tlog
D:\工作\dev2nd\materials\BX-5XX\Others\Dynamic\Demo\VC\VC_Demo\VC_Demo\Debug\link.5132-cvtres.write.1.tlog
D:\工作\dev2nd\materials\BX-5XX\Others\Dynamic\Demo\VC\VC_Demo\VC_Demo\Debug\link.5352.read.1.tlog
D:\工作\dev2nd\materials\BX-5XX\Others\Dynamic\Demo\VC\VC_Demo\VC_Demo\Debug\link.5352.write.1.tlog
D:\工作\dev2nd\materials\BX-5XX\Others\Dynamic\Demo\VC\VC_Demo\VC_Demo\Debug\link.5352-cvtres.read.1.tlog
D:\工作\dev2nd\materials\BX-5XX\Others\Dynamic\Demo\VC\VC_Demo\VC_Demo\Debug\link.5352-cvtres.write.1.tlog
D:\工作\dev2nd\materials\BX-5XX\Others\Dynamic\Demo\VC\VC_Demo\VC_Demo\Debug\link.5644.read.1.tlog
D:\工作\dev2nd\materials\BX-5XX\Others\Dynamic\Demo\VC\VC_Demo\VC_Demo\Debug\link.5644.write.1.tlog
D:\工作\dev2nd\materials\BX-5XX\Others\Dynamic\Demo\VC\VC_Demo\VC_Demo\Debug\link.5644-cvtres.read.1.tlog
D:\工作\dev2nd\materials\BX-5XX\Others\Dynamic\Demo\VC\VC_Demo\VC_Demo\Debug\link.5644-cvtres.write.1.tlog
D:\工作\dev2nd\materials\BX-5XX\Others\Dynamic\Demo\VC\VC_Demo\VC_Demo\Debug\link.6008.read.1.tlog
D:\工作\dev2nd\materials\BX-5XX\Others\Dynamic\Demo\VC\VC_Demo\VC_Demo\Debug\link.6008.write.1.tlog
D:\工作\dev2nd\materials\BX-5XX\Others\Dynamic\Demo\VC\VC_Demo\VC_Demo\Debug\link.6008-cvtres.read.1.tlog
D:\工作\dev2nd\materials\BX-5XX\Others\Dynamic\Demo\VC\VC_Demo\VC_Demo\Debug\link.6008-cvtres.write.1.tlog
D:\工作\dev2nd\materials\BX-5XX\Others\Dynamic\Demo\VC\VC_Demo\VC_Demo\Debug\link.7536.read.1.tlog
D:\工作\dev2nd\materials\BX-5XX\Others\Dynamic\Demo\VC\VC_Demo\VC_Demo\Debug\link.7536.write.1.tlog
D:\工作\dev2nd\materials\BX-5XX\Others\Dynamic\Demo\VC\VC_Demo\VC_Demo\Debug\link.7536-cvtres.read.1.tlog
D:\工作\dev2nd\materials\BX-5XX\Others\Dynamic\Demo\VC\VC_Demo\VC_Demo\Debug\link.7536-cvtres.write.1.tlog
D:\工作\dev2nd\materials\BX-5XX\Others\Dynamic\Demo\VC\VC_Demo\VC_Demo\Debug\link.7812.read.1.tlog
D:\工作\dev2nd\materials\BX-5XX\Others\Dynamic\Demo\VC\VC_Demo\VC_Demo\Debug\link.7812.write.1.tlog
D:\工作\dev2nd\materials\BX-5XX\Others\Dynamic\Demo\VC\VC_Demo\VC_Demo\Debug\link.7812-cvtres.read.1.tlog
D:\工作\dev2nd\materials\BX-5XX\Others\Dynamic\Demo\VC\VC_Demo\VC_Demo\Debug\link.7812-cvtres.write.1.tlog
D:\工作\dev2nd\materials\BX-5XX\Others\Dynamic\Demo\VC\VC_Demo\VC_Demo\Debug\link.8216.read.1.tlog
D:\工作\dev2nd\materials\BX-5XX\Others\Dynamic\Demo\VC\VC_Demo\VC_Demo\Debug\link.8216.write.1.tlog
D:\工作\dev2nd\materials\BX-5XX\Others\Dynamic\Demo\VC\VC_Demo\VC_Demo\Debug\link.8216-cvtres.read.1.tlog
D:\工作\dev2nd\materials\BX-5XX\Others\Dynamic\Demo\VC\VC_Demo\VC_Demo\Debug\link.8216-cvtres.write.1.tlog
D:\工作\dev2nd\materials\BX-5XX\Others\Dynamic\Demo\VC\VC_Demo\VC_Demo\Debug\link.8388.read.1.tlog
D:\工作\dev2nd\materials\BX-5XX\Others\Dynamic\Demo\VC\VC_Demo\VC_Demo\Debug\link.8388.write.1.tlog
D:\工作\dev2nd\materials\BX-5XX\Others\Dynamic\Demo\VC\VC_Demo\VC_Demo\Debug\link.8388-cvtres.read.1.tlog
D:\工作\dev2nd\materials\BX-5XX\Others\Dynamic\Demo\VC\VC_Demo\VC_Demo\Debug\link.8388-cvtres.write.1.tlog
D:\工作\dev2nd\materials\BX-5XX\Others\Dynamic\Demo\VC\VC_Demo\VC_Demo\Debug\link.8484.read.1.tlog
D:\工作\dev2nd\materials\BX-5XX\Others\Dynamic\Demo\VC\VC_Demo\VC_Demo\Debug\link.8484.write.1.tlog
D:\工作\dev2nd\materials\BX-5XX\Others\Dynamic\Demo\VC\VC_Demo\VC_Demo\Debug\link.8484-cvtres.read.1.tlog
D:\工作\dev2nd\materials\BX-5XX\Others\Dynamic\Demo\VC\VC_Demo\VC_Demo\Debug\link.8484-cvtres.write.1.tlog
D:\工作\dev2nd\materials\BX-5XX\Others\Dynamic\Demo\VC\VC_Demo\VC_Demo\Debug\link.9744.read.1.tlog
D:\工作\dev2nd\materials\BX-5XX\Others\Dynamic\Demo\VC\VC_Demo\VC_Demo\Debug\link.9744.write.1.tlog
D:\工作\dev2nd\materials\BX-5XX\Others\Dynamic\Demo\VC\VC_Demo\VC_Demo\Debug\link.9744-cvtres.read.1.tlog
D:\工作\dev2nd\materials\BX-5XX\Others\Dynamic\Demo\VC\VC_Demo\VC_Demo\Debug\link.9744-cvtres.write.1.tlog
D:\工作\dev2nd\materials\BX-5XX\Others\Dynamic\Demo\VC\VC_Demo\VC_Demo\Debug\link.command.1.tlog
D:\工作\dev2nd\materials\BX-5XX\Others\Dynamic\Demo\VC\VC_Demo\VC_Demo\Debug\link.read.1.tlog
D:\工作\dev2nd\materials\BX-5XX\Others\Dynamic\Demo\VC\VC_Demo\VC_Demo\Debug\link.write.1.tlog
D:\工作\dev2nd\materials\BX-5XX\Others\Dynamic\Demo\VC\VC_Demo\VC_Demo\Debug\link-cvtres.read.1.tlog
D:\工作\dev2nd\materials\BX-5XX\Others\Dynamic\Demo\VC\VC_Demo\VC_Demo\Debug\link-cvtres.write.1.tlog
D:\工作\dev2nd\materials\BX-5XX\Others\Dynamic\Demo\VC\VC_Demo\VC_Demo\Debug\mt.command.1.tlog
D:\工作\dev2nd\materials\BX-5XX\Others\Dynamic\Demo\VC\VC_Demo\VC_Demo\Debug\mt.read.1.tlog
D:\工作\dev2nd\materials\BX-5XX\Others\Dynamic\Demo\VC\VC_Demo\VC_Demo\Debug\mt.write.1.tlog
D:\工作\dev2nd\materials\BX-5XX\Others\Dynamic\Demo\VC\VC_Demo\VC_Demo\Debug\rc.command.1.tlog
D:\工作\dev2nd\materials\BX-5XX\Others\Dynamic\Demo\VC\VC_Demo\VC_Demo\Debug\rc.read.1.tlog
D:\工作\dev2nd\materials\BX-5XX\Others\Dynamic\Demo\VC\VC_Demo\VC_Demo\Debug\rc.write.1.tlog
D:\工作\DEV2ND\MATERIALS\BX-5XX\OTHERS\DYNAMIC\DEMO\VC\VC_DEMO\VC_DEMO\DEBUG\STDAFX.OBJ
D:\工作\DEV2ND\MATERIALS\BX-5XX\OTHERS\DYNAMIC\DEMO\VC\VC_DEMO\VC_DEMO\DEBUG\VC_DEMO.EXE.EMBED.MANIFEST
D:\工作\DEV2ND\MATERIALS\BX-5XX\OTHERS\DYNAMIC\DEMO\VC\VC_DEMO\VC_DEMO\DEBUG\VC_DEMO.EXE.EMBED.MANIFEST.RES
D:\工作\DEV2ND\MATERIALS\BX-5XX\OTHERS\DYNAMIC\DEMO\VC\VC_DEMO\VC_DEMO\DEBUG\VC_DEMO.EXE.INTERMEDIATE.MANIFEST
D:\工作\DEV2ND\MATERIALS\BX-5XX\OTHERS\DYNAMIC\DEMO\VC\VC_DEMO\VC_DEMO\DEBUG\VC_DEMO.OBJ
D:\工作\DEV2ND\MATERIALS\BX-5XX\OTHERS\DYNAMIC\DEMO\VC\VC_DEMO\VC_DEMO\DEBUG\VC_DEMO.PCH
D:\工作\DEV2ND\MATERIALS\BX-5XX\OTHERS\DYNAMIC\DEMO\VC\VC_DEMO\VC_DEMO\DEBUG\VC_DEMO.RES
D:\工作\dev2nd\materials\BX-5XX\Others\Dynamic\Demo\VC\VC_Demo\VC_Demo\Debug\VC_Demo.vcxprojResolveAssemblyReference.cache
D:\工作\dev2nd\materials\BX-5XX\Others\Dynamic\Demo\VC\VC_Demo\VC_Demo\Debug\VC_Demo.write.1.tlog
D:\工作\dev2nd\materials\BX-5XX\Others\Dynamic\Demo\VC\VC_Demo\VC_Demo\Debug\VC_Demo_manifest.rc
D:\工作\DEV2ND\MATERIALS\BX-5XX\OTHERS\DYNAMIC\DEMO\VC\VC_DEMO\VC_DEMO\DEBUG\VC_DEMODLG.OBJ
D:\工作\dev2nd\materials\BX-5XX\Others\Dynamic\Demo\VC\VC_Demo\VC_Demo\Debug\vc100.idb
D:\工作\DEV2ND\MATERIALS\BX-5XX\OTHERS\DYNAMIC\DEMO\VC\VC_DEMO\VC_DEMO\DEBUG\VC100.PDB
